Unity Editor version:    2021.3.0f1 (6eacc8284459)
Branch:                  2021.3/staging
Build type:              Release
Batch mode:              YES
macOS version:           Version 12.3.1 (Build 21E258)
Darwin version:          21.4.0
Architecture:            x86_64
Running under Rosetta:   YES
Available memory:        16384 MB
Using pre-set license
Pro License: YES

COMMAND LINE ARGUMENTS:
/Applications/Unity/Hub/Editor/2021.3.0f1/Unity.app/Contents/MacOS/Unity
-adb2
-batchMode
-noUpm
-name
AssetImportWorker0
-projectPath
/Users/jeffmaxwell/Downloads/game-fps-drwho-master/Asteroids_Team02
-logFile
Logs/AssetImportWorker0.log
-srvPort
50248
Successfully changed project path to: /Users/jeffmaxwell/Downloads/game-fps-drwho-master/Asteroids_Team02
/Users/jeffmaxwell/Downloads/game-fps-drwho-master/Asteroids_Team02
[UnityMemory] Configuration Parameters - Can be set up in boot.config
    "memorysetup-bucket-allocator-granularity=16"
    "memorysetup-bucket-allocator-bucket-count=8"
    "memorysetup-bucket-allocator-block-size=33554432"
    "memorysetup-bucket-allocator-block-count=8"
    "memorysetup-main-allocator-block-size=16777216"
    "memorysetup-thread-allocator-block-size=16777216"
    "memorysetup-gfx-main-allocator-block-size=16777216"
    "memorysetup-gfx-thread-allocator-block-size=16777216"
    "memorysetup-cache-allocator-block-size=4194304"
    "memorysetup-typetree-allocator-block-size=2097152"
    "memorysetup-profiler-bucket-allocator-granularity=16"
    "memorysetup-profiler-bucket-allocator-bucket-count=8"
    "memorysetup-profiler-bucket-allocator-block-size=33554432"
    "memorysetup-profiler-bucket-allocator-block-count=8"
    "memorysetup-profiler-allocator-block-size=16777216"
    "memorysetup-profiler-editor-allocator-block-size=1048576"
    "memorysetup-temp-allocator-size-main=16777216"
    "memorysetup-job-temp-allocator-block-size=2097152"
    "memorysetup-job-temp-allocator-block-size-background=1048576"
    "memorysetup-job-temp-allocator-reduction-small-platforms=262144"
    "memorysetup-temp-allocator-size-background-worker=32768"
    "memorysetup-temp-allocator-size-job-worker=262144"
    "memorysetup-temp-allocator-size-preload-manager=33554432"
    "memorysetup-temp-allocator-size-nav-mesh-worker=65536"
    "memorysetup-temp-allocator-size-audio-worker=65536"
    "memorysetup-temp-allocator-size-cloud-worker=32768"
    "memorysetup-temp-allocator-size-gi-baking-worker=262144"
    "memorysetup-temp-allocator-size-gfx=262144"
Refreshing native plugins compatible for Editor in 42.30 ms, found 2 plugins.
Preloading 0 native plugins for Editor in 0.00 ms.
Initialize engine version: 2021.3.0f1 (6eacc8284459)
[Subsystems] Discovering subsystems at path /Applications/Unity/Hub/Editor/2021.3.0f1/Unity.app/Contents/Resources/UnitySubsystems
[Subsystems] Discovering subsystems at path /Users/jeffmaxwell/Downloads/game-fps-drwho-master/Asteroids_Team02/Assets
GfxDevice: creating device client; threaded=0; jobified=0
 preferred device: Apple M1 (high power)
Metal devices available: 1
0: Apple M1 (high power)
Using device Apple M1 (high power)
Initializing Metal device caps: Apple M1
Initialize mono
Mono path[0] = '/Applications/Unity/Hub/Editor/2021.3.0f1/Unity.app/Contents/Managed'
Mono path[1] = '/Applications/Unity/Hub/Editor/2021.3.0f1/Unity.app/Contents/MonoBleedingEdge/lib/mono/unityjit-macos'
Mono config path = '/Applications/Unity/Hub/Editor/2021.3.0f1/Unity.app/Contents/MonoBleedingEdge/etc'
Using monoOptions --debugger-agent=transport=dt_socket,embedding=1,server=y,suspend=n,address=127.0.0.1:56201
Begin MonoManager ReloadAssembly
Registering precompiled unity dll's ...
Register platform support module: /Applications/Unity/Hub/Editor/2021.3.0f1/Unity.app/Contents/PlaybackEngines/MacStandaloneSupport/UnityEditor.OSXStandalone.Extensions.dll
Registered in 0.000545 seconds.
Native extension for OSXStandalone target not found
Refreshing native plugins compatible for Editor in 41.81 ms, found 2 plugins.
Preloading 0 native plugins for Editor in 0.00 ms.
Mono: successfully reloaded assembly
- Completed reload, in  1.296 seconds
Domain Reload Profiling:
	ReloadAssembly (1297ms)
		BeginReloadAssembly (100ms)
			ExecutionOrderSort (0ms)
			DisableScriptedObjects (0ms)
			BackupInstance (0ms)
			ReleaseScriptingObjects (0ms)
			CreateAndSetChildDomain (3ms)
		EndReloadAssembly (966ms)
			LoadAssemblies (97ms)
			RebuildTransferFunctionScriptingTraits (0ms)
			SetupTypeCache (132ms)
			ReleaseScriptCaches (0ms)
			RebuildScriptCaches (34ms)
			SetupLoadedEditorAssemblies (665ms)
				LogAssemblyErrors (0ms)
				InitializePlatformSupportModulesInManaged (17ms)
				SetLoadedEditorAssemblies (0ms)
				RefreshPlugins (42ms)
				BeforeProcessingInitializeOnLoad (3ms)
				ProcessInitializeOnLoadAttributes (444ms)
				ProcessInitializeOnLoadMethodAttributes (159ms)
				AfterProcessingInitializeOnLoad (0ms)
				EditorAssembliesLoaded (0ms)
			ExecutionOrderSort2 (0ms)
			AwakeInstancesAfterBackupRestoration (0ms)
Platform modules already initialized, skipping
Registering precompiled user dll's ...
Registered in 0.000931 seconds.
Begin MonoManager ReloadAssembly
Symbol file LoadedFromMemory is not a mono symbol file
Native extension for OSXStandalone target not found
Refreshing native plugins compatible for Editor in 0.63 ms, found 2 plugins.
Preloading 0 native plugins for Editor in 0.00 ms.
Package Manager log level set to [2]
Mono: successfully reloaded assembly
- Completed reload, in  2.120 seconds
Domain Reload Profiling:
	ReloadAssembly (2122ms)
		BeginReloadAssembly (208ms)
			ExecutionOrderSort (0ms)
			DisableScriptedObjects (35ms)
			BackupInstance (0ms)
			ReleaseScriptingObjects (0ms)
			CreateAndSetChildDomain (30ms)
		EndReloadAssembly (1633ms)
			LoadAssemblies (97ms)
			RebuildTransferFunctionScriptingTraits (0ms)
			SetupTypeCache (228ms)
			ReleaseScriptCaches (0ms)
			RebuildScriptCaches (59ms)
			SetupLoadedEditorAssemblies (1087ms)
				LogAssemblyErrors (0ms)
				InitializePlatformSupportModulesInManaged (13ms)
				SetLoadedEditorAssemblies (1ms)
				RefreshPlugins (1ms)
				BeforeProcessingInitializeOnLoad (102ms)
				ProcessInitializeOnLoadAttributes (733ms)
				ProcessInitializeOnLoadMethodAttributes (236ms)
				AfterProcessingInitializeOnLoad (1ms)
				EditorAssembliesLoaded (0ms)
			ExecutionOrderSort2 (0ms)
			AwakeInstancesAfterBackupRestoration (11ms)
Platform modules already initialized, skipping
========================================================================
Worker process is ready to serve import requests
Launching external process: /Applications/Unity/Hub/Editor/2021.3.0f1/Unity.app/Contents/Tools/UnityShaderCompiler
Launched and connected shader compiler UnityShaderCompiler after 0.07 seconds
Refreshing native plugins compatible for Editor in 0.60 ms, found 2 plugins.
Preloading 0 native plugins for Editor in 0.00 ms.
Unloading 2216 Unused Serialized files (Serialized files now loaded: 0)
Unloading 55 unused Assets / (44.7 KB). Loaded Objects now: 2663.
Memory consumption went from 180.5 MB to 180.4 MB.
Total: 6.005000 ms (FindLiveObjects: 0.144209 ms CreateObjectMapping: 0.048334 ms MarkObjects: 5.707416 ms  DeleteObjects: 0.103458 ms)

AssetImportParameters requested are different than current active one (requested -> active):
  custom:video-decoder-ogg-theora: a1e56fd34408186e4bbccfd4996cb3dc -> 
  custom:container-muxer-webm: aa71ff27fc2769a1b78a27578f13a17b -> 
  custom:container-demuxer-webm: 4f35f7cbe854078d1ac9338744f61a02 -> 
  custom:video-encoder-webm-vp8: eb34c28f22e8b96e1ab97ce403110664 -> 
  custom:framework-osx-AVFoundation: e770b220cccbd017edd2c1fefb359320 -> 
  custom:audio-encoder-webm-vorbis: bf7c407c2cedff20999df2af8eb42d56 -> 
  custom:container-demuxer-ogg: 62fdf1f143b41e24485cea50d1cbac27 -> 
  custom:video-decoder-webm-vp8: 9c59270c3fd7afecdb556c50c9e8de78 -> 
  custom:audio-decoder-ogg-vorbis: bf7c407c2cedff20999df2af8eb42d56 -> 
========================================================================
Received Import Request.
  Time since last request: 42463.556048 seconds.
  path: Assets/Scenes/45 ACP Smith and Wesson Gun.unity
  artifactKey: Guid(4af4a2a3a24226044b3fb4e3e703512f) Importer(815301076,1909f56bfc062723c751e8b465ee728b)
Start importing Assets/Scenes/45 ACP Smith and Wesson Gun.unity using Guid(4af4a2a3a24226044b3fb4e3e703512f) Importer(815301076,1909f56bfc062723c751e8b465ee728b)  -> (artifact id: '0443d1906d0e8e8ffa10f848c77eb62f') in 0.006347 seconds 
========================================================================
Received Import Request.
  Time since last request: 10.397118 seconds.
  path: Assets/Scenes/SampleScene.unity
  artifactKey: Guid(9effe9a24ffc64152ba8faafe7403586) Importer(815301076,1909f56bfc062723c751e8b465ee728b)
Start importing Assets/Scenes/SampleScene.unity using Guid(9effe9a24ffc64152ba8faafe7403586) Importer(815301076,1909f56bfc062723c751e8b465ee728b)  -> (artifact id: '5745627a94712629fe178dcec6718ffd') in 0.001342 seconds 
========================================================================
Received Import Request.
  Time since last request: 36.386608 seconds.
  path: Assets/Prefabs/GameControls/Spawner.prefab
  artifactKey: Guid(9f064f966f3ce3844a44a1608f2b623b) Importer(815301076,1909f56bfc062723c751e8b465ee728b)
Start importing Assets/Prefabs/GameControls/Spawner.prefab using Guid(9f064f966f3ce3844a44a1608f2b623b) Importer(815301076,1909f56bfc062723c751e8b465ee728b)  -> (artifact id: '0c6f58d5671f429b11b6f9d9d6b694b3') in 0.467818 seconds 
========================================================================
Received Import Request.
  Time since last request: 0.531912 seconds.
  path: Assets/Prefabs/Particles/Fire.prefab
  artifactKey: Guid(146489447ad616c4d9c40fd612f82d05) Importer(815301076,1909f56bfc062723c751e8b465ee728b)
Start importing Assets/Prefabs/Particles/Fire.prefab using Guid(146489447ad616c4d9c40fd612f82d05) Importer(815301076,1909f56bfc062723c751e8b465ee728b)  -> (artifact id: '6a6a5da36f9bd4fb86262b6bca9be91e') in 0.164705 seconds 
========================================================================
Received Import Request.
  Time since last request: 3.088013 seconds.
  path: Assets/Prefabs/SpaceStation/AudioTrigger.prefab
  artifactKey: Guid(f0aed288236d7d7418f5c6c5f90f9467) Importer(815301076,1909f56bfc062723c751e8b465ee728b)
Start importing Assets/Prefabs/SpaceStation/AudioTrigger.prefab using Guid(f0aed288236d7d7418f5c6c5f90f9467) Importer(815301076,1909f56bfc062723c751e8b465ee728b)  -> (artifact id: 'ccd10797427cc6566797f9cdcabf1752') in 0.025402 seconds 
========================================================================
Received Import Request.
  Time since last request: 0.000114 seconds.
  path: Assets/Prefabs/SpaceStation/Giant_Room.prefab
  artifactKey: Guid(af919eb5f67dc4225b17e525f7f134ae) Importer(815301076,1909f56bfc062723c751e8b465ee728b)
Start importing Assets/Prefabs/SpaceStation/Giant_Room.prefab using Guid(af919eb5f67dc4225b17e525f7f134ae) Importer(815301076,1909f56bfc062723c751e8b465ee728b)  -> (artifact id: 'b80a78ce10ece01b548aeacf139eb7d1') in 0.141482 seconds 
========================================================================
Received Import Request.
  Time since last request: 0.000085 seconds.
  path: Assets/Prefabs/SpaceStation/Room_01.prefab
  artifactKey: Guid(55567c256a6884a158741388f339b8d0) Importer(815301076,1909f56bfc062723c751e8b465ee728b)
Start importing Assets/Prefabs/SpaceStation/Room_01.prefab using Guid(55567c256a6884a158741388f339b8d0) Importer(815301076,1909f56bfc062723c751e8b465ee728b)  -> (artifact id: '5b78ac4712ae3152ee8cc8fed952ee11') in 0.043285 seconds 
========================================================================
Received Import Request.
  Time since last request: 0.000061 seconds.
  path: Assets/Prefabs/SpaceStation/Window.prefab
  artifactKey: Guid(e391d73067141514eae6c393004bf422) Importer(815301076,1909f56bfc062723c751e8b465ee728b)
Start importing Assets/Prefabs/SpaceStation/Window.prefab using Guid(e391d73067141514eae6c393004bf422) Importer(815301076,1909f56bfc062723c751e8b465ee728b)  -> (artifact id: '91b0a3c5522b8c836745a2165991e0b0') in 0.024623 seconds 
========================================================================
Received Import Request.
  Time since last request: 0.000078 seconds.
  path: Assets/Prefabs/SpaceStation/Room_04.prefab
  artifactKey: Guid(58eff691c9410ac46860f00e467c5269) Importer(815301076,1909f56bfc062723c751e8b465ee728b)
Start importing Assets/Prefabs/SpaceStation/Room_04.prefab using Guid(58eff691c9410ac46860f00e467c5269) Importer(815301076,1909f56bfc062723c751e8b465ee728b)  -> (artifact id: 'bd6b4d8375288119c14ed2226f8b017b') in 0.039176 seconds 
========================================================================
Received Import Request.
  Time since last request: 7.742772 seconds.
  path: Assets/Prefabs/UI/GameOverMenu.prefab
  artifactKey: Guid(c88a6e3aa33fcdc4d8613de149df6ee0) Importer(815301076,1909f56bfc062723c751e8b465ee728b)
Start importing Assets/Prefabs/UI/GameOverMenu.prefab using Guid(c88a6e3aa33fcdc4d8613de149df6ee0) Importer(815301076,1909f56bfc062723c751e8b465ee728b)  -> (artifact id: '0f08e5f1bbd6b26d9730b85ce4aa0237') in 0.041054 seconds 
========================================================================
Received Import Request.
  Time since last request: 0.000067 seconds.
  path: Assets/Prefabs/UI/HUD1.prefab
  artifactKey: Guid(710e1f2db1e89554e91620ba8a66fae7) Importer(815301076,1909f56bfc062723c751e8b465ee728b)
Start importing Assets/Prefabs/UI/HUD1.prefab using Guid(710e1f2db1e89554e91620ba8a66fae7) Importer(815301076,1909f56bfc062723c751e8b465ee728b)  -> (artifact id: '6f7116d2d157c351a601239bf4c3e4d0') in 0.008499 seconds 
========================================================================
Received Import Request.
  Time since last request: 0.000121 seconds.
  path: Assets/Prefabs/UI/Menu.prefab
  artifactKey: Guid(186acea968c707549a2f00aac6f54c78) Importer(815301076,1909f56bfc062723c751e8b465ee728b)
Start importing Assets/Prefabs/UI/Menu.prefab using Guid(186acea968c707549a2f00aac6f54c78) Importer(815301076,1909f56bfc062723c751e8b465ee728b)  -> (artifact id: '23849a0877f275d103dafd6211d668fe') in 0.004761 seconds 
========================================================================
Received Import Request.
  Time since last request: 12.089550 seconds.
  path: Assets/Skybox/Starfield Skybox
  artifactKey: Guid(5ab4852ebe1bc4045b6abbb12ed9e9d0) Importer(815301076,1909f56bfc062723c751e8b465ee728b)
Start importing Assets/Skybox/Starfield Skybox using Guid(5ab4852ebe1bc4045b6abbb12ed9e9d0) Importer(815301076,1909f56bfc062723c751e8b465ee728b)  -> (artifact id: 'da06b218bab42195bcbbb87ddbf0ca16') in 0.001237 seconds 
========================================================================
Received Import Request.
  Time since last request: 0.085100 seconds.
  path: Assets/Skybox/Starfield Skybox/Skybox.mat
  artifactKey: Guid(81f714daf7144784b8a2f42f1cd30927) Importer(815301076,1909f56bfc062723c751e8b465ee728b)
Start importing Assets/Skybox/Starfield Skybox/Skybox.mat using Guid(81f714daf7144784b8a2f42f1cd30927) Importer(815301076,1909f56bfc062723c751e8b465ee728b)  -> (artifact id: 'fe59b124b1bfce874699b9a876154ba1') in 0.199672 seconds 
========================================================================
Received Import Request.
  Time since last request: 0.938451 seconds.
  path: Assets/Skybox/Starfield Skybox/Demo
  artifactKey: Guid(7a4470ba344bcbb44bb67e3c01170b5c) Importer(815301076,1909f56bfc062723c751e8b465ee728b)
Start importing Assets/Skybox/Starfield Skybox/Demo using Guid(7a4470ba344bcbb44bb67e3c01170b5c) Importer(815301076,1909f56bfc062723c751e8b465ee728b)  -> (artifact id: '3dd762a22e0d096e5bb862add9d139ca') in 0.001255 seconds 
========================================================================
Received Import Request.
  Time since last request: 1.894249 seconds.
  path: Assets/Skybox/Starfield Skybox/Demo/DemoScene.unity
  artifactKey: Guid(47cd513b8c4397e4ca272a1ff269d933) Importer(815301076,1909f56bfc062723c751e8b465ee728b)
Start importing Assets/Skybox/Starfield Skybox/Demo/DemoScene.unity using Guid(47cd513b8c4397e4ca272a1ff269d933) Importer(815301076,1909f56bfc062723c751e8b465ee728b)  -> (artifact id: '6050427a87d6e791fc3efcfd62e589ff') in 0.001263 seconds 
========================================================================
Received Import Request.
  Time since last request: 14.775669 seconds.
  path: Assets/Skybox/Starfield Skybox/Demo/Script
  artifactKey: Guid(7080738d246006747964bbce844203b4) Importer(815301076,1909f56bfc062723c751e8b465ee728b)
Start importing Assets/Skybox/Starfield Skybox/Demo/Script using Guid(7080738d246006747964bbce844203b4) Importer(815301076,1909f56bfc062723c751e8b465ee728b)  -> (artifact id: '28d2c0fe43c41f5db24a0582dcf34a91') in 0.001268 seconds 
========================================================================
Received Import Request.
  Time since last request: 3.382800 seconds.
  path: Assets/Skybox/Starfield Skybox/Demo/Textures/Back_Tex.png
  artifactKey: Guid(b692a498a0379a341872703d288b04af) Importer(815301076,1909f56bfc062723c751e8b465ee728b)
Start importing Assets/Skybox/Starfield Skybox/Demo/Textures/Back_Tex.png using Guid(b692a498a0379a341872703d288b04af) Importer(815301076,1909f56bfc062723c751e8b465ee728b)  -> (artifact id: 'a00297832491327b4398c6fba0b776c6') in 0.614540 seconds 
========================================================================
Received Import Request.
  Time since last request: 0.000048 seconds.
  path: Assets/Skybox/Starfield Skybox/Demo/Textures/Left_Tex.png
  artifactKey: Guid(80f1020b68f9b794994187bf41ba9d21) Importer(815301076,1909f56bfc062723c751e8b465ee728b)
Start importing Assets/Skybox/Starfield Skybox/Demo/Textures/Left_Tex.png using Guid(80f1020b68f9b794994187bf41ba9d21) Importer(815301076,1909f56bfc062723c751e8b465ee728b)  -> (artifact id: 'f27d90d992c7dfc81f5b63791affc3f5') in 0.020940 seconds 
========================================================================
Received Import Request.
  Time since last request: 0.000047 seconds.
  path: Assets/Skybox/Starfield Skybox/Demo/Textures/Front_Tex.png
  artifactKey: Guid(a5e005e6ff4298340b2ff009a5991908) Importer(815301076,1909f56bfc062723c751e8b465ee728b)
Start importing Assets/Skybox/Starfield Skybox/Demo/Textures/Front_Tex.png using Guid(a5e005e6ff4298340b2ff009a5991908) Importer(815301076,1909f56bfc062723c751e8b465ee728b)  -> (artifact id: '252c8f4e844e7a4f27e97ff6afdddb11') in 0.021722 seconds 
========================================================================
Received Import Request.
  Time since last request: 10.987637 seconds.
  path: Assets/Skybox/Starfield Skybox/Skybox.mat
  artifactKey: Guid(81f714daf7144784b8a2f42f1cd30927) Importer(815301076,1909f56bfc062723c751e8b465ee728b)
Start importing Assets/Skybox/Starfield Skybox/Skybox.mat using Guid(81f714daf7144784b8a2f42f1cd30927) Importer(815301076,1909f56bfc062723c751e8b465ee728b)  -> (artifact id: 'a4d946271d3546b20eb07b638f86f14e') in 0.008737 seconds 
========================================================================
Received Prepare
Registering precompiled user dll's ...
Registered in 0.001083 seconds.
Begin MonoManager ReloadAssembly
Symbol file LoadedFromMemory is not a mono symbol file
Native extension for OSXStandalone target not found
Refreshing native plugins compatible for Editor in 0.57 ms, found 2 plugins.
Preloading 0 native plugins for Editor in 0.00 ms.
Mono: successfully reloaded assembly
- Completed reload, in  2.138 seconds
Domain Reload Profiling:
	ReloadAssembly (2140ms)
		BeginReloadAssembly (213ms)
			ExecutionOrderSort (0ms)
			DisableScriptedObjects (35ms)
			BackupInstance (0ms)
			ReleaseScriptingObjects (0ms)
			CreateAndSetChildDomain (54ms)
		EndReloadAssembly (1697ms)
			LoadAssemblies (94ms)
			RebuildTransferFunctionScriptingTraits (0ms)
			SetupTypeCache (230ms)
			ReleaseScriptCaches (1ms)
			RebuildScriptCaches (46ms)
			SetupLoadedEditorAssemblies (1141ms)
				LogAssemblyErrors (0ms)
				InitializePlatformSupportModulesInManaged (31ms)
				SetLoadedEditorAssemblies (2ms)
				RefreshPlugins (1ms)
				BeforeProcessingInitializeOnLoad (89ms)
				ProcessInitializeOnLoadAttributes (776ms)
				ProcessInitializeOnLoadMethodAttributes (242ms)
				AfterProcessingInitializeOnLoad (1ms)
				EditorAssembliesLoaded (0ms)
			ExecutionOrderSort2 (0ms)
			AwakeInstancesAfterBackupRestoration (12ms)
Platform modules already initialized, skipping
Refreshing native plugins compatible for Editor in 1.86 ms, found 2 plugins.
Preloading 0 native plugins for Editor in 0.00 ms.
Unloading 2205 Unused Serialized files (Serialized files now loaded: 0)
Unloading 51 unused Assets / (27.1 KB). Loaded Objects now: 2709.
Memory consumption went from 198.0 MB to 197.9 MB.
Total: 5.097250 ms (FindLiveObjects: 0.130709 ms CreateObjectMapping: 0.043666 ms MarkObjects: 4.867292 ms  DeleteObjects: 0.054584 ms)

AssetImportParameters requested are different than current active one (requested -> active):
  custom:video-decoder-ogg-theora: a1e56fd34408186e4bbccfd4996cb3dc -> 
  custom:container-muxer-webm: aa71ff27fc2769a1b78a27578f13a17b -> 
  custom:container-demuxer-webm: 4f35f7cbe854078d1ac9338744f61a02 -> 
  custom:video-encoder-webm-vp8: eb34c28f22e8b96e1ab97ce403110664 -> 
  custom:framework-osx-AVFoundation: e770b220cccbd017edd2c1fefb359320 -> 
  custom:audio-encoder-webm-vorbis: bf7c407c2cedff20999df2af8eb42d56 -> 
  custom:container-demuxer-ogg: 62fdf1f143b41e24485cea50d1cbac27 -> 
  custom:video-decoder-webm-vp8: 9c59270c3fd7afecdb556c50c9e8de78 -> 
  custom:audio-decoder-ogg-vorbis: bf7c407c2cedff20999df2af8eb42d56 -> 
========================================================================
Received Import Request.
  Time since last request: 1174.546088 seconds.
  path: Assets/Scenes/Final Scenes/Level1.unity
  artifactKey: Guid(a631ef3b7b7a2e64f9c6ab50cfba3fc3) Importer(815301076,1909f56bfc062723c751e8b465ee728b)
Start importing Assets/Scenes/Final Scenes/Level1.unity using Guid(a631ef3b7b7a2e64f9c6ab50cfba3fc3) Importer(815301076,1909f56bfc062723c751e8b465ee728b)  -> (artifact id: 'cf5c395f33c6d49e8e86d51dc61ee13a') in 0.006232 seconds 
========================================================================
Received Prepare
Registering precompiled user dll's ...
Registered in 0.000834 seconds.
Begin MonoManager ReloadAssembly
Symbol file LoadedFromMemory is not a mono symbol file
Native extension for OSXStandalone target not found
Refreshing native plugins compatible for Editor in 0.64 ms, found 2 plugins.
Preloading 0 native plugins for Editor in 0.00 ms.
Mono: successfully reloaded assembly
- Completed reload, in  2.112 seconds
Domain Reload Profiling:
	ReloadAssembly (2114ms)
		BeginReloadAssembly (222ms)
			ExecutionOrderSort (0ms)
			DisableScriptedObjects (42ms)
			BackupInstance (0ms)
			ReleaseScriptingObjects (0ms)
			CreateAndSetChildDomain (55ms)
		EndReloadAssembly (1658ms)
			LoadAssemblies (92ms)
			RebuildTransferFunctionScriptingTraits (0ms)
			SetupTypeCache (226ms)
			ReleaseScriptCaches (1ms)
			RebuildScriptCaches (45ms)
			SetupLoadedEditorAssemblies (1115ms)
				LogAssemblyErrors (0ms)
				InitializePlatformSupportModulesInManaged (30ms)
				SetLoadedEditorAssemblies (1ms)
				RefreshPlugins (1ms)
				BeforeProcessingInitializeOnLoad (92ms)
				ProcessInitializeOnLoadAttributes (752ms)
				ProcessInitializeOnLoadMethodAttributes (239ms)
				AfterProcessingInitializeOnLoad (1ms)
				EditorAssembliesLoaded (0ms)
			ExecutionOrderSort2 (0ms)
			AwakeInstancesAfterBackupRestoration (12ms)
Platform modules already initialized, skipping
Refreshing native plugins compatible for Editor in 2.24 ms, found 2 plugins.
Preloading 0 native plugins for Editor in 0.00 ms.
Unloading 2205 Unused Serialized files (Serialized files now loaded: 0)
Unloading 44 unused Assets / (22.9 KB). Loaded Objects now: 2712.
Memory consumption went from 198.1 MB to 198.1 MB.
Total: 5.660625 ms (FindLiveObjects: 0.166041 ms CreateObjectMapping: 0.052708 ms MarkObjects: 5.415667 ms  DeleteObjects: 0.024792 ms)

AssetImportParameters requested are different than current active one (requested -> active):
  custom:video-decoder-ogg-theora: a1e56fd34408186e4bbccfd4996cb3dc -> 
  custom:container-muxer-webm: aa71ff27fc2769a1b78a27578f13a17b -> 
  custom:container-demuxer-webm: 4f35f7cbe854078d1ac9338744f61a02 -> 
  custom:video-encoder-webm-vp8: eb34c28f22e8b96e1ab97ce403110664 -> 
  custom:framework-osx-AVFoundation: e770b220cccbd017edd2c1fefb359320 -> 
  custom:audio-encoder-webm-vorbis: bf7c407c2cedff20999df2af8eb42d56 -> 
  custom:container-demuxer-ogg: 62fdf1f143b41e24485cea50d1cbac27 -> 
  custom:video-decoder-webm-vp8: 9c59270c3fd7afecdb556c50c9e8de78 -> 
  custom:audio-decoder-ogg-vorbis: bf7c407c2cedff20999df2af8eb42d56 -> 
========================================================================
Received Import Request.
  Time since last request: 272.246058 seconds.
  path: Assets/Prefabs/Characters/Daleks
  artifactKey: Guid(97ae99024cc21b24b9cc350aa393f1a2) Importer(815301076,1909f56bfc062723c751e8b465ee728b)
Start importing Assets/Prefabs/Characters/Daleks using Guid(97ae99024cc21b24b9cc350aa393f1a2) Importer(815301076,1909f56bfc062723c751e8b465ee728b)  -> (artifact id: '9bfd1f7d5975e9d99692cc73ef222d93') in 0.007466 seconds 
========================================================================
Received Import Request.
  Time since last request: 0.012092 seconds.
  path: Assets/Prefabs/Characters/Daleks/DalekBlack.prefab
  artifactKey: Guid(c0220a6d36590ca48acf6f8b24dce254) Importer(815301076,1909f56bfc062723c751e8b465ee728b)
Start importing Assets/Prefabs/Characters/Daleks/DalekBlack.prefab using Guid(c0220a6d36590ca48acf6f8b24dce254) Importer(815301076,1909f56bfc062723c751e8b465ee728b)  -> (artifact id: '9675be53e9f986c2fcdc6c2cc0d6511a') in 0.314466 seconds 
========================================================================
Received Import Request.
  Time since last request: 0.000051 seconds.
  path: Assets/Prefabs/Characters/Daleks/DalekWhite.prefab
  artifactKey: Guid(1e25d2b973663d848b2eca8d992ac7cd) Importer(815301076,1909f56bfc062723c751e8b465ee728b)
Start importing Assets/Prefabs/Characters/Daleks/DalekWhite.prefab using Guid(1e25d2b973663d848b2eca8d992ac7cd) Importer(815301076,1909f56bfc062723c751e8b465ee728b)  -> (artifact id: 'a5d46749da8737c0cdb05aa702029772') in 0.033905 seconds 
========================================================================
Received Import Request.
  Time since last request: 0.000076 seconds.
  path: Assets/Prefabs/Characters/Daleks/DalekOrange.prefab
  artifactKey: Guid(ff68644288da1a642aa1575924f16d57) Importer(815301076,1909f56bfc062723c751e8b465ee728b)
Start importing Assets/Prefabs/Characters/Daleks/DalekOrange.prefab using Guid(ff68644288da1a642aa1575924f16d57) Importer(815301076,1909f56bfc062723c751e8b465ee728b)  -> (artifact id: 'a8e2a5dee4798e87c7200f3ddf59bfbc') in 0.027755 seconds 
========================================================================
Received Import Request.
  Time since last request: 0.000070 seconds.
  path: Assets/Prefabs/Characters/Daleks/DalekRed.prefab
  artifactKey: Guid(d94f0e2aeed61ba4bb844a7c79dc4ea9) Importer(815301076,1909f56bfc062723c751e8b465ee728b)
Start importing Assets/Prefabs/Characters/Daleks/DalekRed.prefab using Guid(d94f0e2aeed61ba4bb844a7c79dc4ea9) Importer(815301076,1909f56bfc062723c751e8b465ee728b)  -> (artifact id: '679835e0462a7707bdbe0138f0c1bcab') in 0.028015 seconds 
========================================================================
Received Import Request.
  Time since last request: 73815.949442 seconds.
  path: Assets/Scripts/Dalek/Target.cs
  artifactKey: Guid(30727a047843ac248a8de41155e00385) Importer(815301076,1909f56bfc062723c751e8b465ee728b)
Start importing Assets/Scripts/Dalek/Target.cs using Guid(30727a047843ac248a8de41155e00385) Importer(815301076,1909f56bfc062723c751e8b465ee728b)  -> (artifact id: '4b08af63870dad4a3e051ad27ec3f0b4') in 1.021149 seconds 
========================================================================
Received Import Request.
  Time since last request: 1353.485908 seconds.
  path: Assets/Prefabs/Characters/Daleks/DalekBlack.prefab
  artifactKey: Guid(c0220a6d36590ca48acf6f8b24dce254) Importer(815301076,1909f56bfc062723c751e8b465ee728b)
Start importing Assets/Prefabs/Characters/Daleks/DalekBlack.prefab using Guid(c0220a6d36590ca48acf6f8b24dce254) Importer(815301076,1909f56bfc062723c751e8b465ee728b)  -> (artifact id: '81fc436978c962331a8cc6bea033a234') in 0.141562 seconds 
========================================================================
Received Import Request.
  Time since last request: 7.711081 seconds.
  path: Assets/Prefabs/Characters/Daleks/DalekBlue.prefab
  artifactKey: Guid(34cff991630fcf24fabab51abe204300) Importer(815301076,1909f56bfc062723c751e8b465ee728b)
Start importing Assets/Prefabs/Characters/Daleks/DalekBlue.prefab using Guid(34cff991630fcf24fabab51abe204300) Importer(815301076,1909f56bfc062723c751e8b465ee728b)  -> (artifact id: 'b4418e278d97f90b4edb412be02b9339') in 0.286346 seconds 
========================================================================
Received Import Request.
  Time since last request: 5.861023 seconds.
  path: Assets/Prefabs/Characters/Daleks/DalekOrange.prefab
  artifactKey: Guid(ff68644288da1a642aa1575924f16d57) Importer(815301076,1909f56bfc062723c751e8b465ee728b)
Start importing Assets/Prefabs/Characters/Daleks/DalekOrange.prefab using Guid(ff68644288da1a642aa1575924f16d57) Importer(815301076,1909f56bfc062723c751e8b465ee728b)  -> (artifact id: '9f3cfeb3cba78305800ce86388573e50') in 0.028480 seconds 
========================================================================
Received Import Request.
  Time since last request: 5.412547 seconds.
  path: Assets/Prefabs/Characters/Daleks/DalekRed.prefab
  artifactKey: Guid(d94f0e2aeed61ba4bb844a7c79dc4ea9) Importer(815301076,1909f56bfc062723c751e8b465ee728b)
Start importing Assets/Prefabs/Characters/Daleks/DalekRed.prefab using Guid(d94f0e2aeed61ba4bb844a7c79dc4ea9) Importer(815301076,1909f56bfc062723c751e8b465ee728b)  -> (artifact id: 'e02939957abde55089207d9f320e71fe') in 0.029318 seconds 
========================================================================
Received Import Request.
  Time since last request: 6.091175 seconds.
  path: Assets/Prefabs/Characters/Daleks/DalekWhite.prefab
  artifactKey: Guid(1e25d2b973663d848b2eca8d992ac7cd) Importer(815301076,1909f56bfc062723c751e8b465ee728b)
Start importing Assets/Prefabs/Characters/Daleks/DalekWhite.prefab using Guid(1e25d2b973663d848b2eca8d992ac7cd) Importer(815301076,1909f56bfc062723c751e8b465ee728b)  -> (artifact id: '6ec61b5058c0f1bfa2c046aa66c3b143') in 0.027378 seconds 
========================================================================
Received Prepare
Registering precompiled user dll's ...
Registered in 0.000882 seconds.
Begin MonoManager ReloadAssembly
Symbol file LoadedFromMemory is not a mono symbol file
Native extension for OSXStandalone target not found
Refreshing native plugins compatible for Editor in 0.65 ms, found 2 plugins.
Preloading 0 native plugins for Editor in 0.00 ms.
Mono: successfully reloaded assembly
- Completed reload, in  2.379 seconds
Domain Reload Profiling:
	ReloadAssembly (2382ms)
		BeginReloadAssembly (316ms)
			ExecutionOrderSort (0ms)
			DisableScriptedObjects (55ms)
			BackupInstance (0ms)
			ReleaseScriptingObjects (0ms)
			CreateAndSetChildDomain (93ms)
		EndReloadAssembly (1816ms)
			LoadAssemblies (146ms)
			RebuildTransferFunctionScriptingTraits (0ms)
			SetupTypeCache (236ms)
			ReleaseScriptCaches (1ms)
			RebuildScriptCaches (47ms)
			SetupLoadedEditorAssemblies (1184ms)
				LogAssemblyErrors (0ms)
				InitializePlatformSupportModulesInManaged (35ms)
				SetLoadedEditorAssemblies (1ms)
				RefreshPlugins (1ms)
				BeforeProcessingInitializeOnLoad (96ms)
				ProcessInitializeOnLoadAttributes (803ms)
				ProcessInitializeOnLoadMethodAttributes (248ms)
				AfterProcessingInitializeOnLoad (1ms)
				EditorAssembliesLoaded (0ms)
			ExecutionOrderSort2 (0ms)
			AwakeInstancesAfterBackupRestoration (13ms)
Platform modules already initialized, skipping
Refreshing native plugins compatible for Editor in 2.09 ms, found 2 plugins.
Preloading 0 native plugins for Editor in 0.00 ms.
Unloading 2205 Unused Serialized files (Serialized files now loaded: 0)
Unloading 46 unused Assets / (23.9 KB). Loaded Objects now: 2716.
Memory consumption went from 203.7 MB to 203.7 MB.
Total: 5.583250 ms (FindLiveObjects: 0.137666 ms CreateObjectMapping: 0.048375 ms MarkObjects: 5.347333 ms  DeleteObjects: 0.048583 ms)

AssetImportParameters requested are different than current active one (requested -> active):
  custom:video-decoder-ogg-theora: a1e56fd34408186e4bbccfd4996cb3dc -> 
  custom:container-muxer-webm: aa71ff27fc2769a1b78a27578f13a17b -> 
  custom:container-demuxer-webm: 4f35f7cbe854078d1ac9338744f61a02 -> 
  custom:video-encoder-webm-vp8: eb34c28f22e8b96e1ab97ce403110664 -> 
  custom:framework-osx-AVFoundation: e770b220cccbd017edd2c1fefb359320 -> 
  custom:audio-encoder-webm-vorbis: bf7c407c2cedff20999df2af8eb42d56 -> 
  custom:container-demuxer-ogg: 62fdf1f143b41e24485cea50d1cbac27 -> 
  custom:video-decoder-webm-vp8: 9c59270c3fd7afecdb556c50c9e8de78 -> 
  custom:audio-decoder-ogg-vorbis: bf7c407c2cedff20999df2af8eb42d56 -> 
========================================================================
Received Import Request.
  Time since last request: 39.180248 seconds.
  path: Assets/Prefabs/Characters/Old/DalekBlack.prefab
  artifactKey: Guid(25f7c379028cf9b428c69900eb918b08) Importer(815301076,1909f56bfc062723c751e8b465ee728b)
Start importing Assets/Prefabs/Characters/Old/DalekBlack.prefab using Guid(25f7c379028cf9b428c69900eb918b08) Importer(815301076,1909f56bfc062723c751e8b465ee728b)  -> (artifact id: 'ae2a096fe8e965352e38aec59a8c5d51') in 0.253482 seconds 
========================================================================
Received Import Request.
  Time since last request: 0.000067 seconds.
  path: Assets/Prefabs/Characters/Old/TestEnemy.prefab
  artifactKey: Guid(3f9c2f2af1ba2a149856c0415e35da16) Importer(815301076,1909f56bfc062723c751e8b465ee728b)
Start importing Assets/Prefabs/Characters/Old/TestEnemy.prefab using Guid(3f9c2f2af1ba2a149856c0415e35da16) Importer(815301076,1909f56bfc062723c751e8b465ee728b)  -> (artifact id: '7a73287efd2b539e27fd5b03dc503427') in 0.040404 seconds 
========================================================================
Received Import Request.
  Time since last request: 0.000049 seconds.
  path: Assets/Prefabs/Characters/Old/DalekOrange.prefab
  artifactKey: Guid(7b451200b06e8764785084618c8add8a) Importer(815301076,1909f56bfc062723c751e8b465ee728b)
Start importing Assets/Prefabs/Characters/Old/DalekOrange.prefab using Guid(7b451200b06e8764785084618c8add8a) Importer(815301076,1909f56bfc062723c751e8b465ee728b)  -> (artifact id: 'a1a2cfea1bfa3c1bc3e2e32216fb7b2c') in 0.026462 seconds 
========================================================================
Received Import Request.
  Time since last request: 0.000048 seconds.
  path: Assets/Prefabs/Characters/Old/Player.prefab
  artifactKey: Guid(e75bd10c8df517049885d248ddcc4098) Importer(815301076,1909f56bfc062723c751e8b465ee728b)
Start importing Assets/Prefabs/Characters/Old/Player.prefab using Guid(e75bd10c8df517049885d248ddcc4098) Importer(815301076,1909f56bfc062723c751e8b465ee728b)  -> (artifact id: 'bf55cc05a3f71c699dff6dc62ed7cdd0') in 0.010821 seconds 
========================================================================
Received Import Request.
  Time since last request: 33.705515 seconds.
  path: Assets/Prefabs/Characters/Player/Player.prefab
  artifactKey: Guid(1eb26fe764e1a8d40a16623e4fe9b7ce) Importer(815301076,1909f56bfc062723c751e8b465ee728b)
Start importing Assets/Prefabs/Characters/Player/Player.prefab using Guid(1eb26fe764e1a8d40a16623e4fe9b7ce) Importer(815301076,1909f56bfc062723c751e8b465ee728b)  -> (artifact id: '6ea8830cb1a4bad3d32fd1bd253e25bd') in 0.099142 seconds 
========================================================================
Received Prepare
Registering precompiled user dll's ...
Registered in 0.000941 seconds.
Begin MonoManager ReloadAssembly
Symbol file LoadedFromMemory is not a mono symbol file
Native extension for OSXStandalone target not found
Refreshing native plugins compatible for Editor in 0.60 ms, found 2 plugins.
Preloading 0 native plugins for Editor in 0.00 ms.
Mono: successfully reloaded assembly
- Completed reload, in  2.148 seconds
Domain Reload Profiling:
	ReloadAssembly (2150ms)
		BeginReloadAssembly (224ms)
			ExecutionOrderSort (0ms)
			DisableScriptedObjects (43ms)
			BackupInstance (0ms)
			ReleaseScriptingObjects (0ms)
			CreateAndSetChildDomain (56ms)
		EndReloadAssembly (1692ms)
			LoadAssemblies (94ms)
			RebuildTransferFunctionScriptingTraits (0ms)
			SetupTypeCache (227ms)
			ReleaseScriptCaches (1ms)
			RebuildScriptCaches (46ms)
			SetupLoadedEditorAssemblies (1132ms)
				LogAssemblyErrors (0ms)
				InitializePlatformSupportModulesInManaged (32ms)
				SetLoadedEditorAssemblies (1ms)
				RefreshPlugins (1ms)
				BeforeProcessingInitializeOnLoad (90ms)
				ProcessInitializeOnLoadAttributes (766ms)
				ProcessInitializeOnLoadMethodAttributes (241ms)
				AfterProcessingInitializeOnLoad (1ms)
				EditorAssembliesLoaded (0ms)
			ExecutionOrderSort2 (0ms)
			AwakeInstancesAfterBackupRestoration (12ms)
Platform modules already initialized, skipping
Refreshing native plugins compatible for Editor in 1.84 ms, found 2 plugins.
Preloading 0 native plugins for Editor in 0.00 ms.
Unloading 2205 Unused Serialized files (Serialized files now loaded: 0)
Unloading 55 unused Assets / (38.8 KB). Loaded Objects now: 2722.
Memory consumption went from 204.3 MB to 204.2 MB.
Total: 6.485208 ms (FindLiveObjects: 0.213500 ms CreateObjectMapping: 0.053250 ms MarkObjects: 6.068791 ms  DeleteObjects: 0.147958 ms)

AssetImportParameters requested are different than current active one (requested -> active):
  custom:video-decoder-ogg-theora: a1e56fd34408186e4bbccfd4996cb3dc -> 
  custom:container-muxer-webm: aa71ff27fc2769a1b78a27578f13a17b -> 
  custom:container-demuxer-webm: 4f35f7cbe854078d1ac9338744f61a02 -> 
  custom:video-encoder-webm-vp8: eb34c28f22e8b96e1ab97ce403110664 -> 
  custom:framework-osx-AVFoundation: e770b220cccbd017edd2c1fefb359320 -> 
  custom:audio-encoder-webm-vorbis: bf7c407c2cedff20999df2af8eb42d56 -> 
  custom:container-demuxer-ogg: 62fdf1f143b41e24485cea50d1cbac27 -> 
  custom:video-decoder-webm-vp8: 9c59270c3fd7afecdb556c50c9e8de78 -> 
  custom:audio-decoder-ogg-vorbis: bf7c407c2cedff20999df2af8eb42d56 -> 
========================================================================
Received Import Request.
  Time since last request: 191.294743 seconds.
  path: Assets/JM/EffectExamples/FireExplosionEffects/Materials/PlasmaFireParticle.mat
  artifactKey: Guid(b5387d3c2ba98fc44a0f5744f94ce48c) Importer(815301076,1909f56bfc062723c751e8b465ee728b)
Start importing Assets/JM/EffectExamples/FireExplosionEffects/Materials/PlasmaFireParticle.mat using Guid(b5387d3c2ba98fc44a0f5744f94ce48c) Importer(815301076,1909f56bfc062723c751e8b465ee728b)  -> (artifact id: '9ea91d38e549c1d82d9fcbbbdef99625') in 0.154531 seconds 
========================================================================
Received Import Request.
  Time since last request: 3.845718 seconds.
  path: Assets/JM/EffectExamples/FireExplosionEffects/Materials/LightningParticle.mat
  artifactKey: Guid(123ac6dc79004e54b8b352a7e64acdca) Importer(815301076,1909f56bfc062723c751e8b465ee728b)
Start importing Assets/JM/EffectExamples/FireExplosionEffects/Materials/LightningParticle.mat using Guid(123ac6dc79004e54b8b352a7e64acdca) Importer(815301076,1909f56bfc062723c751e8b465ee728b)  -> (artifact id: '93d0295bf957f15f495d65b7048cefe0') in 0.015066 seconds 
========================================================================
Received Import Request.
  Time since last request: 2.757982 seconds.
  path: Assets/JM/EffectExamples/FireExplosionEffects/Materials/PlasmaExplosionParticle.mat
  artifactKey: Guid(7ff1ab0b724442843965e2dd0f02e969) Importer(815301076,1909f56bfc062723c751e8b465ee728b)
Start importing Assets/JM/EffectExamples/FireExplosionEffects/Materials/PlasmaExplosionParticle.mat using Guid(7ff1ab0b724442843965e2dd0f02e969) Importer(815301076,1909f56bfc062723c751e8b465ee728b)  -> (artifact id: '9edbfeb695e27f02dd28d15567d285f0') in 0.088514 seconds 
========================================================================
Received Prepare
Registering precompiled user dll's ...
Registered in 0.000893 seconds.
Begin MonoManager ReloadAssembly
Symbol file LoadedFromMemory is not a mono symbol file
Native extension for OSXStandalone target not found
Refreshing native plugins compatible for Editor in 0.66 ms, found 2 plugins.
Preloading 0 native plugins for Editor in 0.00 ms.
Mono: successfully reloaded assembly
- Completed reload, in  2.135 seconds
Domain Reload Profiling:
	ReloadAssembly (2137ms)
		BeginReloadAssembly (217ms)
			ExecutionOrderSort (0ms)
			DisableScriptedObjects (37ms)
			BackupInstance (0ms)
			ReleaseScriptingObjects (0ms)
			CreateAndSetChildDomain (55ms)
		EndReloadAssembly (1686ms)
			LoadAssemblies (91ms)
			RebuildTransferFunctionScriptingTraits (0ms)
			SetupTypeCache (226ms)
			ReleaseScriptCaches (1ms)
			RebuildScriptCaches (46ms)
			SetupLoadedEditorAssemblies (1132ms)
				LogAssemblyErrors (0ms)
				InitializePlatformSupportModulesInManaged (32ms)
				SetLoadedEditorAssemblies (1ms)
				RefreshPlugins (1ms)
				BeforeProcessingInitializeOnLoad (88ms)
				ProcessInitializeOnLoadAttributes (769ms)
				ProcessInitializeOnLoadMethodAttributes (240ms)
				AfterProcessingInitializeOnLoad (1ms)
				EditorAssembliesLoaded (0ms)
			ExecutionOrderSort2 (0ms)
			AwakeInstancesAfterBackupRestoration (13ms)
Platform modules already initialized, skipping
Refreshing native plugins compatible for Editor in 1.92 ms, found 2 plugins.
Preloading 0 native plugins for Editor in 0.00 ms.
Unloading 2205 Unused Serialized files (Serialized files now loaded: 0)
Unloading 44 unused Assets / (22.9 KB). Loaded Objects now: 2725.
Memory consumption went from 204.1 MB to 204.1 MB.
Total: 5.505000 ms (FindLiveObjects: 0.146083 ms CreateObjectMapping: 0.051000 ms MarkObjects: 5.282125 ms  DeleteObjects: 0.024292 ms)

AssetImportParameters requested are different than current active one (requested -> active):
  custom:video-decoder-ogg-theora: a1e56fd34408186e4bbccfd4996cb3dc -> 
  custom:container-muxer-webm: aa71ff27fc2769a1b78a27578f13a17b -> 
  custom:container-demuxer-webm: 4f35f7cbe854078d1ac9338744f61a02 -> 
  custom:video-encoder-webm-vp8: eb34c28f22e8b96e1ab97ce403110664 -> 
  custom:framework-osx-AVFoundation: e770b220cccbd017edd2c1fefb359320 -> 
  custom:audio-encoder-webm-vorbis: bf7c407c2cedff20999df2af8eb42d56 -> 
  custom:container-demuxer-ogg: 62fdf1f143b41e24485cea50d1cbac27 -> 
  custom:video-decoder-webm-vp8: 9c59270c3fd7afecdb556c50c9e8de78 -> 
  custom:audio-decoder-ogg-vorbis: bf7c407c2cedff20999df2af8eb42d56 -> 
========================================================================
Received Import Request.
  Time since last request: 224.520672 seconds.
  path: Assets/Prefabs/Characters/Daleks/DalekBlack.prefab
  artifactKey: Guid(c0220a6d36590ca48acf6f8b24dce254) Importer(815301076,1909f56bfc062723c751e8b465ee728b)
Start importing Assets/Prefabs/Characters/Daleks/DalekBlack.prefab using Guid(c0220a6d36590ca48acf6f8b24dce254) Importer(815301076,1909f56bfc062723c751e8b465ee728b)  -> (artifact id: 'c4547c385228f411c923dc5886ef04bf') in 0.222492 seconds 
========================================================================
Received Import Request.
  Time since last request: 27.171282 seconds.
  path: Assets/Prefabs/Characters/Daleks/DalekBlack.prefab
  artifactKey: Guid(c0220a6d36590ca48acf6f8b24dce254) Importer(815301076,1909f56bfc062723c751e8b465ee728b)
Start importing Assets/Prefabs/Characters/Daleks/DalekBlack.prefab using Guid(c0220a6d36590ca48acf6f8b24dce254) Importer(815301076,1909f56bfc062723c751e8b465ee728b)  -> (artifact id: 'dc6f6daa79f4eed52771d90ef09a3884') in 0.033511 seconds 
========================================================================
Received Import Request.
  Time since last request: 8.050317 seconds.
  path: Assets/Prefabs/Characters/Daleks/DalekBlack.prefab
  artifactKey: Guid(c0220a6d36590ca48acf6f8b24dce254) Importer(815301076,1909f56bfc062723c751e8b465ee728b)
Start importing Assets/Prefabs/Characters/Daleks/DalekBlack.prefab using Guid(c0220a6d36590ca48acf6f8b24dce254) Importer(815301076,1909f56bfc062723c751e8b465ee728b)  -> (artifact id: '7b57fc7d62666832a4102b1dd9261951') in 0.026665 seconds 
========================================================================
Received Prepare
Registering precompiled user dll's ...
Registered in 0.000881 seconds.
Begin MonoManager ReloadAssembly
Symbol file LoadedFromMemory is not a mono symbol file
Native extension for OSXStandalone target not found
Refreshing native plugins compatible for Editor in 0.64 ms, found 2 plugins.
Preloading 0 native plugins for Editor in 0.00 ms.
Mono: successfully reloaded assembly
- Completed reload, in  2.181 seconds
Domain Reload Profiling:
	ReloadAssembly (2183ms)
		BeginReloadAssembly (243ms)
			ExecutionOrderSort (0ms)
			DisableScriptedObjects (62ms)
			BackupInstance (0ms)
			ReleaseScriptingObjects (0ms)
			CreateAndSetChildDomain (55ms)
		EndReloadAssembly (1703ms)
			LoadAssemblies (92ms)
			RebuildTransferFunctionScriptingTraits (0ms)
			SetupTypeCache (227ms)
			ReleaseScriptCaches (1ms)
			RebuildScriptCaches (46ms)
			SetupLoadedEditorAssemblies (1141ms)
				LogAssemblyErrors (0ms)
				InitializePlatformSupportModulesInManaged (31ms)
				SetLoadedEditorAssemblies (2ms)
				RefreshPlugins (1ms)
				BeforeProcessingInitializeOnLoad (93ms)
				ProcessInitializeOnLoadAttributes (769ms)
				ProcessInitializeOnLoadMethodAttributes (245ms)
				AfterProcessingInitializeOnLoad (1ms)
				EditorAssembliesLoaded (0ms)
			ExecutionOrderSort2 (0ms)
			AwakeInstancesAfterBackupRestoration (13ms)
Platform modules already initialized, skipping
Refreshing native plugins compatible for Editor in 1.87 ms, found 2 plugins.
Preloading 0 native plugins for Editor in 0.00 ms.
Unloading 2205 Unused Serialized files (Serialized files now loaded: 0)
Unloading 46 unused Assets / (23.8 KB). Loaded Objects now: 2728.
Memory consumption went from 204.7 MB to 204.7 MB.
Total: 5.211458 ms (FindLiveObjects: 0.119541 ms CreateObjectMapping: 0.059417 ms MarkObjects: 4.991375 ms  DeleteObjects: 0.039916 ms)

AssetImportParameters requested are different than current active one (requested -> active):
  custom:video-decoder-ogg-theora: a1e56fd34408186e4bbccfd4996cb3dc -> 
  custom:container-muxer-webm: aa71ff27fc2769a1b78a27578f13a17b -> 
  custom:container-demuxer-webm: 4f35f7cbe854078d1ac9338744f61a02 -> 
  custom:video-encoder-webm-vp8: eb34c28f22e8b96e1ab97ce403110664 -> 
  custom:framework-osx-AVFoundation: e770b220cccbd017edd2c1fefb359320 -> 
  custom:audio-encoder-webm-vorbis: bf7c407c2cedff20999df2af8eb42d56 -> 
  custom:container-demuxer-ogg: 62fdf1f143b41e24485cea50d1cbac27 -> 
  custom:video-decoder-webm-vp8: 9c59270c3fd7afecdb556c50c9e8de78 -> 
  custom:audio-decoder-ogg-vorbis: bf7c407c2cedff20999df2af8eb42d56 -> 
========================================================================
Received Import Request.
  Time since last request: 148.710187 seconds.
  path: Assets/Prefabs/Characters/Daleks/DalekBlack 1.prefab
  artifactKey: Guid(81f60e9c583394626a7577d6a66bd261) Importer(815301076,1909f56bfc062723c751e8b465ee728b)
Start importing Assets/Prefabs/Characters/Daleks/DalekBlack 1.prefab using Guid(81f60e9c583394626a7577d6a66bd261) Importer(815301076,1909f56bfc062723c751e8b465ee728b)  -> (artifact id: 'ea11753f085488f5fe4f301960075fb2') in 0.225380 seconds 
========================================================================
Received Import Request.
  Time since last request: 19.682516 seconds.
  path: Assets/Prefabs/Characters/Daleks/DalekBlue 1.prefab
  artifactKey: Guid(25d7318896fe4431a9af0e928188fd28) Importer(815301076,1909f56bfc062723c751e8b465ee728b)
Start importing Assets/Prefabs/Characters/Daleks/DalekBlue 1.prefab using Guid(25d7318896fe4431a9af0e928188fd28) Importer(815301076,1909f56bfc062723c751e8b465ee728b)  -> (artifact id: '5bae8032271399b990195ddc6243de1c') in 0.039526 seconds 
========================================================================
Received Import Request.
  Time since last request: 11.510678 seconds.
  path: Assets/Prefabs/Characters/Daleks/DalekOrange 1.prefab
  artifactKey: Guid(7aa32533e9c0d4f03b5d666f4447fbae) Importer(815301076,1909f56bfc062723c751e8b465ee728b)
Start importing Assets/Prefabs/Characters/Daleks/DalekOrange 1.prefab using Guid(7aa32533e9c0d4f03b5d666f4447fbae) Importer(815301076,1909f56bfc062723c751e8b465ee728b)  -> (artifact id: 'e4b87cc326403dbfddad984aeaf79d41') in 0.026336 seconds 
========================================================================
Received Import Request.
  Time since last request: 16.348207 seconds.
  path: Assets/Prefabs/Characters/Daleks/DalekRed 1.prefab
  artifactKey: Guid(7df4b1d7ddbaf4ea882d66814493bd40) Importer(815301076,1909f56bfc062723c751e8b465ee728b)
Start importing Assets/Prefabs/Characters/Daleks/DalekRed 1.prefab using Guid(7df4b1d7ddbaf4ea882d66814493bd40) Importer(815301076,1909f56bfc062723c751e8b465ee728b)  -> (artifact id: 'a972ed1d1967d76a33011fcdd1716164') in 0.026402 seconds 
========================================================================
Received Import Request.
  Time since last request: 8.075950 seconds.
  path: Assets/Prefabs/Characters/Daleks/DalekWhite 1.prefab
  artifactKey: Guid(53318e9d5274c435fbdc2c82f31b8d04) Importer(815301076,1909f56bfc062723c751e8b465ee728b)
Start importing Assets/Prefabs/Characters/Daleks/DalekWhite 1.prefab using Guid(53318e9d5274c435fbdc2c82f31b8d04) Importer(815301076,1909f56bfc062723c751e8b465ee728b)  -> (artifact id: 'dfe2fe9f7eacd2c90de8f960260df389') in 0.025837 seconds 
========================================================================
Received Import Request.
  Time since last request: 32.669806 seconds.
  path: Assets/Prefabs/Characters/Daleks/DalekBlack.prefab
  artifactKey: Guid(81f60e9c583394626a7577d6a66bd261) Importer(815301076,1909f56bfc062723c751e8b465ee728b)
Start importing Assets/Prefabs/Characters/Daleks/DalekBlack.prefab using Guid(81f60e9c583394626a7577d6a66bd261) Importer(815301076,1909f56bfc062723c751e8b465ee728b)  -> (artifact id: '5fea8d024380890c6e0fba72e92f29a1') in 0.026735 seconds 
========================================================================
Received Import Request.
  Time since last request: 10.962200 seconds.
  path: Assets/Prefabs/Characters/Daleks/DalekBlue.prefab
  artifactKey: Guid(25d7318896fe4431a9af0e928188fd28) Importer(815301076,1909f56bfc062723c751e8b465ee728b)
Start importing Assets/Prefabs/Characters/Daleks/DalekBlue.prefab using Guid(25d7318896fe4431a9af0e928188fd28) Importer(815301076,1909f56bfc062723c751e8b465ee728b)  -> (artifact id: '58177a0a3dab94fa1911219a0f77d38d') in 0.026984 seconds 
========================================================================
Received Import Request.
  Time since last request: 7.787679 seconds.
  path: Assets/Prefabs/Characters/Daleks/DalekOrange.prefab
  artifactKey: Guid(7aa32533e9c0d4f03b5d666f4447fbae) Importer(815301076,1909f56bfc062723c751e8b465ee728b)
Start importing Assets/Prefabs/Characters/Daleks/DalekOrange.prefab using Guid(7aa32533e9c0d4f03b5d666f4447fbae) Importer(815301076,1909f56bfc062723c751e8b465ee728b)  -> (artifact id: '2288b0b19f1f75c4ab751147e6caa1c5') in 0.028027 seconds 
========================================================================
Received Import Request.
  Time since last request: 7.922848 seconds.
  path: Assets/Prefabs/Characters/Daleks/DalekRed.prefab
  artifactKey: Guid(7df4b1d7ddbaf4ea882d66814493bd40) Importer(815301076,1909f56bfc062723c751e8b465ee728b)
Start importing Assets/Prefabs/Characters/Daleks/DalekRed.prefab using Guid(7df4b1d7ddbaf4ea882d66814493bd40) Importer(815301076,1909f56bfc062723c751e8b465ee728b)  -> (artifact id: '0b072397181ba0a3c620d162dc1f3763') in 0.027316 seconds 
========================================================================
Received Import Request.
  Time since last request: 7.531054 seconds.
  path: Assets/Prefabs/Characters/Daleks/DalekWhite.prefab
  artifactKey: Guid(53318e9d5274c435fbdc2c82f31b8d04) Importer(815301076,1909f56bfc062723c751e8b465ee728b)
Start importing Assets/Prefabs/Characters/Daleks/DalekWhite.prefab using Guid(53318e9d5274c435fbdc2c82f31b8d04) Importer(815301076,1909f56bfc062723c751e8b465ee728b)  -> (artifact id: 'dc1285f5aedfcf21080bf061f4691b2f') in 0.026331 seconds 
========================================================================
Received Prepare
Registering precompiled user dll's ...
Registered in 0.000886 seconds.
Begin MonoManager ReloadAssembly
Symbol file LoadedFromMemory is not a mono symbol file
Native extension for OSXStandalone target not found
Refreshing native plugins compatible for Editor in 0.66 ms, found 2 plugins.
Preloading 0 native plugins for Editor in 0.00 ms.
Mono: successfully reloaded assembly
- Completed reload, in  2.134 seconds
Domain Reload Profiling:
	ReloadAssembly (2136ms)
		BeginReloadAssembly (218ms)
			ExecutionOrderSort (0ms)
			DisableScriptedObjects (39ms)
			BackupInstance (0ms)
			ReleaseScriptingObjects (0ms)
			CreateAndSetChildDomain (55ms)
		EndReloadAssembly (1684ms)
			LoadAssemblies (98ms)
			RebuildTransferFunctionScriptingTraits (0ms)
			SetupTypeCache (227ms)
			ReleaseScriptCaches (1ms)
			RebuildScriptCaches (46ms)
			SetupLoadedEditorAssemblies (1128ms)
				LogAssemblyErrors (0ms)
				InitializePlatformSupportModulesInManaged (30ms)
				SetLoadedEditorAssemblies (1ms)
				RefreshPlugins (1ms)
				BeforeProcessingInitializeOnLoad (92ms)
				ProcessInitializeOnLoadAttributes (751ms)
				ProcessInitializeOnLoadMethodAttributes (252ms)
				AfterProcessingInitializeOnLoad (1ms)
				EditorAssembliesLoaded (0ms)
			ExecutionOrderSort2 (0ms)
			AwakeInstancesAfterBackupRestoration (13ms)
Platform modules already initialized, skipping
Refreshing native plugins compatible for Editor in 1.76 ms, found 2 plugins.
Preloading 0 native plugins for Editor in 0.00 ms.
Unloading 2205 Unused Serialized files (Serialized files now loaded: 0)
Unloading 46 unused Assets / (24.0 KB). Loaded Objects now: 2731.
Memory consumption went from 205.0 MB to 205.0 MB.
Total: 5.284458 ms (FindLiveObjects: 0.149250 ms CreateObjectMapping: 0.051500 ms MarkObjects: 5.027042 ms  DeleteObjects: 0.055750 ms)

AssetImportParameters requested are different than current active one (requested -> active):
  custom:video-decoder-ogg-theora: a1e56fd34408186e4bbccfd4996cb3dc -> 
  custom:container-muxer-webm: aa71ff27fc2769a1b78a27578f13a17b -> 
  custom:container-demuxer-webm: 4f35f7cbe854078d1ac9338744f61a02 -> 
  custom:video-encoder-webm-vp8: eb34c28f22e8b96e1ab97ce403110664 -> 
  custom:framework-osx-AVFoundation: e770b220cccbd017edd2c1fefb359320 -> 
  custom:audio-encoder-webm-vorbis: bf7c407c2cedff20999df2af8eb42d56 -> 
  custom:container-demuxer-ogg: 62fdf1f143b41e24485cea50d1cbac27 -> 
  custom:video-decoder-webm-vp8: 9c59270c3fd7afecdb556c50c9e8de78 -> 
  custom:audio-decoder-ogg-vorbis: bf7c407c2cedff20999df2af8eb42d56 -> 
========================================================================
Received Import Request.
  Time since last request: 185.280837 seconds.
  path: Assets/Scripts/General
  artifactKey: Guid(88fd289fb3fa9674da26ddc4a81cb0b8) Importer(815301076,1909f56bfc062723c751e8b465ee728b)
Start importing Assets/Scripts/General using Guid(88fd289fb3fa9674da26ddc4a81cb0b8) Importer(815301076,1909f56bfc062723c751e8b465ee728b)  -> (artifact id: '022e317aa9987e020ea5cb3f0f62a798') in 0.008030 seconds 
========================================================================
Received Import Request.
  Time since last request: 1.956570 seconds.
  path: Assets/Scripts/General/EnemySpawnController.cs
  artifactKey: Guid(dba73f0fa1024a640bdfb5df9ac7be8c) Importer(815301076,1909f56bfc062723c751e8b465ee728b)
Start importing Assets/Scripts/General/EnemySpawnController.cs using Guid(dba73f0fa1024a640bdfb5df9ac7be8c) Importer(815301076,1909f56bfc062723c751e8b465ee728b)  -> (artifact id: 'f6c132b3a8ac8bf8303fea21d2689d48') in 0.002442 seconds 
========================================================================
Received Import Request.
  Time since last request: 107.891235 seconds.
  path: Assets/Prefabs/Characters
  artifactKey: Guid(0acd0d950efd38b4e8b8a1cb57ea6068) Importer(815301076,1909f56bfc062723c751e8b465ee728b)
Start importing Assets/Prefabs/Characters using Guid(0acd0d950efd38b4e8b8a1cb57ea6068) Importer(815301076,1909f56bfc062723c751e8b465ee728b)  -> (artifact id: 'c8d6f27d9c84de9bbc399504ddc02298') in 0.002340 seconds 
========================================================================
Received Prepare
Registering precompiled user dll's ...
Registered in 0.000876 seconds.
Begin MonoManager ReloadAssembly
Symbol file LoadedFromMemory is not a mono symbol file
Native extension for OSXStandalone target not found
Refreshing native plugins compatible for Editor in 0.63 ms, found 2 plugins.
Preloading 0 native plugins for Editor in 0.00 ms.
Mono: successfully reloaded assembly
- Completed reload, in  2.154 seconds
Domain Reload Profiling:
	ReloadAssembly (2157ms)
		BeginReloadAssembly (212ms)
			ExecutionOrderSort (0ms)
			DisableScriptedObjects (41ms)
			BackupInstance (0ms)
			ReleaseScriptingObjects (0ms)
			CreateAndSetChildDomain (51ms)
		EndReloadAssembly (1714ms)
			LoadAssemblies (88ms)
			RebuildTransferFunctionScriptingTraits (0ms)
			SetupTypeCache (226ms)
			ReleaseScriptCaches (1ms)
			RebuildScriptCaches (46ms)
			SetupLoadedEditorAssemblies (1136ms)
				LogAssemblyErrors (0ms)
				InitializePlatformSupportModulesInManaged (31ms)
				SetLoadedEditorAssemblies (2ms)
				RefreshPlugins (1ms)
				BeforeProcessingInitializeOnLoad (95ms)
				ProcessInitializeOnLoadAttributes (770ms)
				ProcessInitializeOnLoadMethodAttributes (236ms)
				AfterProcessingInitializeOnLoad (1ms)
				EditorAssembliesLoaded (0ms)
			ExecutionOrderSort2 (0ms)
			AwakeInstancesAfterBackupRestoration (13ms)
Platform modules already initialized, skipping
Refreshing native plugins compatible for Editor in 1.93 ms, found 2 plugins.
Preloading 0 native plugins for Editor in 0.00 ms.
Unloading 2205 Unused Serialized files (Serialized files now loaded: 0)
Unloading 44 unused Assets / (22.9 KB). Loaded Objects now: 2734.
Memory consumption went from 205.2 MB to 205.2 MB.
Total: 5.145791 ms (FindLiveObjects: 0.150667 ms CreateObjectMapping: 0.051083 ms MarkObjects: 4.926083 ms  DeleteObjects: 0.016625 ms)

AssetImportParameters requested are different than current active one (requested -> active):
  custom:video-decoder-ogg-theora: a1e56fd34408186e4bbccfd4996cb3dc -> 
  custom:container-muxer-webm: aa71ff27fc2769a1b78a27578f13a17b -> 
  custom:container-demuxer-webm: 4f35f7cbe854078d1ac9338744f61a02 -> 
  custom:video-encoder-webm-vp8: eb34c28f22e8b96e1ab97ce403110664 -> 
  custom:framework-osx-AVFoundation: e770b220cccbd017edd2c1fefb359320 -> 
  custom:audio-encoder-webm-vorbis: bf7c407c2cedff20999df2af8eb42d56 -> 
  custom:container-demuxer-ogg: 62fdf1f143b41e24485cea50d1cbac27 -> 
  custom:video-decoder-webm-vp8: 9c59270c3fd7afecdb556c50c9e8de78 -> 
  custom:audio-decoder-ogg-vorbis: bf7c407c2cedff20999df2af8eb42d56 -> 
========================================================================
Received Import Request.
  Time since last request: 99.752595 seconds.
  path: Assets/Scenes/Final Scenes/Level1.unity
  artifactKey: Guid(a631ef3b7b7a2e64f9c6ab50cfba3fc3) Importer(815301076,1909f56bfc062723c751e8b465ee728b)
Start importing Assets/Scenes/Final Scenes/Level1.unity using Guid(a631ef3b7b7a2e64f9c6ab50cfba3fc3) Importer(815301076,1909f56bfc062723c751e8b465ee728b)  -> (artifact id: '9d9ae95110f1126ff6ac783b5a7c8262') in 0.006601 seconds 
========================================================================
Received Import Request.
  Time since last request: 2.315262 seconds.
  path: Assets/Scenes/Final Scenes/Level2.unity
  artifactKey: Guid(403e7339f5a2c3a4db19f4dafc3b4ba5) Importer(815301076,1909f56bfc062723c751e8b465ee728b)
Start importing Assets/Scenes/Final Scenes/Level2.unity using Guid(403e7339f5a2c3a4db19f4dafc3b4ba5) Importer(815301076,1909f56bfc062723c751e8b465ee728b)  -> (artifact id: '9b01514b17997d064d4aa10110244e41') in 0.000815 seconds 
========================================================================
Received Import Request.
  Time since last request: 45.741504 seconds.
  path: Assets/Scenes/Final Scenes/Level3.unity
  artifactKey: Guid(2fbf92ca17812f5458bd0d3ac8309dd0) Importer(815301076,1909f56bfc062723c751e8b465ee728b)
Start importing Assets/Scenes/Final Scenes/Level3.unity using Guid(2fbf92ca17812f5458bd0d3ac8309dd0) Importer(815301076,1909f56bfc062723c751e8b465ee728b)  -> (artifact id: 'b962ad919abdbf7d8f36e3389f70c949') in 0.000919 seconds 
========================================================================
Received Prepare
Registering precompiled user dll's ...
Registered in 0.000859 seconds.
Begin MonoManager ReloadAssembly
Symbol file LoadedFromMemory is not a mono symbol file
Native extension for OSXStandalone target not found
Refreshing native plugins compatible for Editor in 0.65 ms, found 2 plugins.
Preloading 0 native plugins for Editor in 0.00 ms.
Mono: successfully reloaded assembly
- Completed reload, in  2.799 seconds
Domain Reload Profiling:
	ReloadAssembly (2801ms)
		BeginReloadAssembly (395ms)
			ExecutionOrderSort (0ms)
			DisableScriptedObjects (47ms)
			BackupInstance (0ms)
			ReleaseScriptingObjects (0ms)
			CreateAndSetChildDomain (155ms)
		EndReloadAssembly (2056ms)
			LoadAssemblies (97ms)
			RebuildTransferFunctionScriptingTraits (0ms)
			SetupTypeCache (243ms)
			ReleaseScriptCaches (1ms)
			RebuildScriptCaches (47ms)
			SetupLoadedEditorAssemblies (1371ms)
				LogAssemblyErrors (0ms)
				InitializePlatformSupportModulesInManaged (30ms)
				SetLoadedEditorAssemblies (1ms)
				RefreshPlugins (1ms)
				BeforeProcessingInitializeOnLoad (100ms)
				ProcessInitializeOnLoadAttributes (889ms)
				ProcessInitializeOnLoadMethodAttributes (348ms)
				AfterProcessingInitializeOnLoad (1ms)
				EditorAssembliesLoaded (0ms)
			ExecutionOrderSort2 (0ms)
			AwakeInstancesAfterBackupRestoration (31ms)
Platform modules already initialized, skipping
Refreshing native plugins compatible for Editor in 1.95 ms, found 2 plugins.
Preloading 0 native plugins for Editor in 0.00 ms.
Unloading 2205 Unused Serialized files (Serialized files now loaded: 0)
Unloading 44 unused Assets / (23.0 KB). Loaded Objects now: 2737.
Memory consumption went from 205.4 MB to 205.3 MB.
Total: 5.416166 ms (FindLiveObjects: 0.158833 ms CreateObjectMapping: 0.051458 ms MarkObjects: 5.177917 ms  DeleteObjects: 0.025875 ms)

AssetImportParameters requested are different than current active one (requested -> active):
  custom:video-decoder-ogg-theora: a1e56fd34408186e4bbccfd4996cb3dc -> 
  custom:container-muxer-webm: aa71ff27fc2769a1b78a27578f13a17b -> 
  custom:container-demuxer-webm: 4f35f7cbe854078d1ac9338744f61a02 -> 
  custom:video-encoder-webm-vp8: eb34c28f22e8b96e1ab97ce403110664 -> 
  custom:framework-osx-AVFoundation: e770b220cccbd017edd2c1fefb359320 -> 
  custom:audio-encoder-webm-vorbis: bf7c407c2cedff20999df2af8eb42d56 -> 
  custom:container-demuxer-ogg: 62fdf1f143b41e24485cea50d1cbac27 -> 
  custom:video-decoder-webm-vp8: 9c59270c3fd7afecdb556c50c9e8de78 -> 
  custom:audio-decoder-ogg-vorbis: bf7c407c2cedff20999df2af8eb42d56 -> 
========================================================================
Received Import Request.
  Time since last request: 220.514920 seconds.
  path: Assets/Prefabs/Characters/Player/Sci-Fi Rifle/Sci-Fi Rifle_fbx.FBX
  artifactKey: Guid(b5742c35cad19b945bc129c719875b2d) Importer(815301076,1909f56bfc062723c751e8b465ee728b)
Start importing Assets/Prefabs/Characters/Player/Sci-Fi Rifle/Sci-Fi Rifle_fbx.FBX using Guid(b5742c35cad19b945bc129c719875b2d) Importer(815301076,1909f56bfc062723c751e8b465ee728b)  -> (artifact id: 'a4ee28b4289183a72cc52c7124d83ffb') in 0.434144 seconds 
========================================================================
Received Import Request.
  Time since last request: 133.177394 seconds.
  path: Assets/_Creepy_Cat/_3D Scifi Kit Starter Kit
  artifactKey: Guid(1e1313f30bace463ea0ea65e5fb293be) Importer(815301076,1909f56bfc062723c751e8b465ee728b)
Start importing Assets/_Creepy_Cat/_3D Scifi Kit Starter Kit using Guid(1e1313f30bace463ea0ea65e5fb293be) Importer(815301076,1909f56bfc062723c751e8b465ee728b)  -> (artifact id: '4ead3dcd1d5fa40094a4897d2392b29f') in 0.001000 seconds 
========================================================================
Received Import Request.
  Time since last request: 3.518185 seconds.
  path: Assets/_Creepy_Cat/_3D Scifi Kit Starter Kit/_Prefabs
  artifactKey: Guid(cd2b46571c1dc4351ad4e1933a370f07) Importer(815301076,1909f56bfc062723c751e8b465ee728b)
Start importing Assets/_Creepy_Cat/_3D Scifi Kit Starter Kit/_Prefabs using Guid(cd2b46571c1dc4351ad4e1933a370f07) Importer(815301076,1909f56bfc062723c751e8b465ee728b)  -> (artifact id: 'a32b3c2f509863eb7b8d4cabcdaa6d4b') in 0.001753 seconds 
========================================================================
Received Import Request.
  Time since last request: 0.062135 seconds.
  path: Assets/_Creepy_Cat/_3D Scifi Kit Starter Kit/_Prefabs/Column_01.prefab
  artifactKey: Guid(73bb8072738d94b1b92f322b86fd7a6d) Importer(815301076,1909f56bfc062723c751e8b465ee728b)
Start importing Assets/_Creepy_Cat/_3D Scifi Kit Starter Kit/_Prefabs/Column_01.prefab using Guid(73bb8072738d94b1b92f322b86fd7a6d) Importer(815301076,1909f56bfc062723c751e8b465ee728b)  -> (artifact id: '6e5be5f03e26060edebe01222c0531d1') in 0.049297 seconds 
========================================================================
Received Import Request.
  Time since last request: 0.000056 seconds.
  path: Assets/_Creepy_Cat/_3D Scifi Kit Starter Kit/_Prefabs/Pub_01.prefab
  artifactKey: Guid(cd4cbde2b92ef46819125888e86b355f) Importer(815301076,1909f56bfc062723c751e8b465ee728b)
Start importing Assets/_Creepy_Cat/_3D Scifi Kit Starter Kit/_Prefabs/Pub_01.prefab using Guid(cd4cbde2b92ef46819125888e86b355f) Importer(815301076,1909f56bfc062723c751e8b465ee728b)  -> (artifact id: '01a9caa249db4c1a8410d52b9a2b5a6f') in 0.012886 seconds 
========================================================================
Received Import Request.
  Time since last request: 0.000068 seconds.
  path: Assets/_Creepy_Cat/_3D Scifi Kit Starter Kit/_Prefabs/Roof_Light_01.prefab
  artifactKey: Guid(822045e52ba034b43b8ff78ad680baa2) Importer(815301076,1909f56bfc062723c751e8b465ee728b)
Start importing Assets/_Creepy_Cat/_3D Scifi Kit Starter Kit/_Prefabs/Roof_Light_01.prefab using Guid(822045e52ba034b43b8ff78ad680baa2) Importer(815301076,1909f56bfc062723c751e8b465ee728b)  -> (artifact id: '6ba4df08e46d8dc2010ba4fd6bb268ca') in 0.033042 seconds 
========================================================================
Received Import Request.
  Time since last request: 0.000050 seconds.
  path: Assets/_Creepy_Cat/_3D Scifi Kit Starter Kit/_Prefabs/Floor_Normal_02.prefab
  artifactKey: Guid(32bbef4239ecf428599f9d073808efc4) Importer(815301076,1909f56bfc062723c751e8b465ee728b)
Start importing Assets/_Creepy_Cat/_3D Scifi Kit Starter Kit/_Prefabs/Floor_Normal_02.prefab using Guid(32bbef4239ecf428599f9d073808efc4) Importer(815301076,1909f56bfc062723c751e8b465ee728b)  -> (artifact id: 'f2447ee11d0b4d48a5be6d248dcf4249') in 0.031951 seconds 
========================================================================
Received Import Request.
  Time since last request: 0.000087 seconds.
  path: Assets/_Creepy_Cat/_3D Scifi Kit Starter Kit/_Prefabs/Roof_Angle_01.prefab
  artifactKey: Guid(82eeb3ff2806447af808cf7902d10ccb) Importer(815301076,1909f56bfc062723c751e8b465ee728b)
Start importing Assets/_Creepy_Cat/_3D Scifi Kit Starter Kit/_Prefabs/Roof_Angle_01.prefab using Guid(82eeb3ff2806447af808cf7902d10ccb) Importer(815301076,1909f56bfc062723c751e8b465ee728b)  -> (artifact id: 'f3a1d3dbed8d1e80d2126435418795ff') in 0.034678 seconds 
========================================================================
Received Import Request.
  Time since last request: 0.000048 seconds.
  path: Assets/_Creepy_Cat/_3D Scifi Kit Starter Kit/_Prefabs/Roof_Normal_01.prefab
  artifactKey: Guid(bd48466ddd2244cef95165867e8af462) Importer(815301076,1909f56bfc062723c751e8b465ee728b)
Start importing Assets/_Creepy_Cat/_3D Scifi Kit Starter Kit/_Prefabs/Roof_Normal_01.prefab using Guid(bd48466ddd2244cef95165867e8af462) Importer(815301076,1909f56bfc062723c751e8b465ee728b)  -> (artifact id: 'a14cc85b83dc365a86b9e0e9e62f98a9') in 0.034336 seconds 
========================================================================
Received Import Request.
  Time since last request: 0.000055 seconds.
  path: Assets/_Creepy_Cat/_3D Scifi Kit Starter Kit/_Prefabs/Wall_Angle_01.prefab
  artifactKey: Guid(4cd8b95e91b614e728206538b125f079) Importer(815301076,1909f56bfc062723c751e8b465ee728b)
Start importing Assets/_Creepy_Cat/_3D Scifi Kit Starter Kit/_Prefabs/Wall_Angle_01.prefab using Guid(4cd8b95e91b614e728206538b125f079) Importer(815301076,1909f56bfc062723c751e8b465ee728b)  -> (artifact id: 'ccd8d99af68fa4f09005f489fa0508b5') in 0.032034 seconds 
========================================================================
Received Import Request.
  Time since last request: 0.000061 seconds.
  path: Assets/_Creepy_Cat/_3D Scifi Kit Starter Kit/_Prefabs/Floor_Square_01.prefab
  artifactKey: Guid(0fec0e1774acf4c9cb0522dd62f5ceb2) Importer(815301076,1909f56bfc062723c751e8b465ee728b)
Start importing Assets/_Creepy_Cat/_3D Scifi Kit Starter Kit/_Prefabs/Floor_Square_01.prefab using Guid(0fec0e1774acf4c9cb0522dd62f5ceb2) Importer(815301076,1909f56bfc062723c751e8b465ee728b)  -> (artifact id: '20b7125514d20c8f85072c8b3d194dca') in 0.032022 seconds 
========================================================================
Received Import Request.
  Time since last request: 0.000068 seconds.
  path: Assets/_Creepy_Cat/_3D Scifi Kit Starter Kit/_Prefabs/Floor_Half_01.prefab
  artifactKey: Guid(2f01900586265460b859e219a93163ff) Importer(815301076,1909f56bfc062723c751e8b465ee728b)
Start importing Assets/_Creepy_Cat/_3D Scifi Kit Starter Kit/_Prefabs/Floor_Half_01.prefab using Guid(2f01900586265460b859e219a93163ff) Importer(815301076,1909f56bfc062723c751e8b465ee728b)  -> (artifact id: 'c927ba8fedf749b18237b90034e20be3') in 0.037647 seconds 
========================================================================
Received Import Request.
  Time since last request: 0.000084 seconds.
  path: Assets/_Creepy_Cat/_3D Scifi Kit Starter Kit/_Prefabs/Wall_Door_01.prefab
  artifactKey: Guid(0d230c531de504354a04d9f3b00170c6) Importer(815301076,1909f56bfc062723c751e8b465ee728b)
Start importing Assets/_Creepy_Cat/_3D Scifi Kit Starter Kit/_Prefabs/Wall_Door_01.prefab using Guid(0d230c531de504354a04d9f3b00170c6) Importer(815301076,1909f56bfc062723c751e8b465ee728b)  -> (artifact id: 'd76842bb15eca5e90f1cfe8bbe02b9fa') in 0.037710 seconds 
========================================================================
Received Import Request.
  Time since last request: 0.000063 seconds.
  path: Assets/_Creepy_Cat/_3D Scifi Kit Starter Kit/_Prefabs/Roof_Half_01.prefab
  artifactKey: Guid(885922377c54c4cf185ccb4f5d3b3e0c) Importer(815301076,1909f56bfc062723c751e8b465ee728b)
Start importing Assets/_Creepy_Cat/_3D Scifi Kit Starter Kit/_Prefabs/Roof_Half_01.prefab using Guid(885922377c54c4cf185ccb4f5d3b3e0c) Importer(815301076,1909f56bfc062723c751e8b465ee728b)  -> (artifact id: '936acda2300ffc9b6f229231b5187afb') in 0.037572 seconds 
========================================================================
Received Import Request.
  Time since last request: 0.013158 seconds.
  path: Assets/_Creepy_Cat/_3D Scifi Kit Starter Kit/_Prefabs/Wall_Normal_02.prefab
  artifactKey: Guid(2177dc4f0f0bf4715a8307d8c5d17d2f) Importer(815301076,1909f56bfc062723c751e8b465ee728b)
Start importing Assets/_Creepy_Cat/_3D Scifi Kit Starter Kit/_Prefabs/Wall_Normal_02.prefab using Guid(2177dc4f0f0bf4715a8307d8c5d17d2f) Importer(815301076,1909f56bfc062723c751e8b465ee728b)  -> (artifact id: '88b9545ea43f9f2127e6c0366595e3e7') in 0.033290 seconds 
========================================================================
Received Import Request.
  Time since last request: 0.013951 seconds.
  path: Assets/_Creepy_Cat/_3D Scifi Kit Starter Kit/_Prefabs/Wall_Normal_01.prefab
  artifactKey: Guid(c69ca5d4562934b8c8d61b46a4214978) Importer(815301076,1909f56bfc062723c751e8b465ee728b)
Start importing Assets/_Creepy_Cat/_3D Scifi Kit Starter Kit/_Prefabs/Wall_Normal_01.prefab using Guid(c69ca5d4562934b8c8d61b46a4214978) Importer(815301076,1909f56bfc062723c751e8b465ee728b)  -> (artifact id: '4c7f5f96b591d38bc4b187003d755e8f') in 0.034100 seconds 
========================================================================
Received Import Request.
  Time since last request: 23.493449 seconds.
  path: Assets/StaticObjects/aero4.obj
  artifactKey: Guid(bf612a3592d0a964bbe18fe13cafbf6b) Importer(815301076,1909f56bfc062723c751e8b465ee728b)
Start importing Assets/StaticObjects/aero4.obj using Guid(bf612a3592d0a964bbe18fe13cafbf6b) Importer(815301076,1909f56bfc062723c751e8b465ee728b)  -> (artifact id: 'eb0565c721984f4c68286f9c9953e829') in 1.309714 seconds 
========================================================================
Received Import Request.
  Time since last request: 1.101379 seconds.
  path: Assets/Textures/handgun_C.jpg
  artifactKey: Guid(17f9294ef18f05e4cb0eeab5d9b0696f) Importer(815301076,1909f56bfc062723c751e8b465ee728b)
Start importing Assets/Textures/handgun_C.jpg using Guid(17f9294ef18f05e4cb0eeab5d9b0696f) Importer(815301076,1909f56bfc062723c751e8b465ee728b)  -> (artifact id: 'c39f63218ff0c0ef513fdee622098b3b') in 0.592900 seconds 
========================================================================
Received Import Request.
  Time since last request: 4.651885 seconds.
  path: Assets/UI/Life.png
  artifactKey: Guid(e0f8e34fe673b234ba2d2e958537a3e9) Importer(815301076,1909f56bfc062723c751e8b465ee728b)
Start importing Assets/UI/Life.png using Guid(e0f8e34fe673b234ba2d2e958537a3e9) Importer(815301076,1909f56bfc062723c751e8b465ee728b)  -> (artifact id: '80da7a612162e7b4b6f895ff5311b2ce') in 0.013948 seconds 
